INFO:     Started server process [43490]
INFO:     Waiting for application startup.
INFO:     Application startup complete.
INFO:     Uvicorn running on http://0.0.0.0:3000 (Press CTRL+C to quit)
INFO:     127.0.0.1:47958 - "GET / HTTP/1.1" 200 OK
INFO:     127.0.0.1:47958 - "GET /js/map-core.js HTTP/1.1" 200 OK
INFO:     127.0.0.1:47968 - "GET /js/map-layers.js HTTP/1.1" 200 OK
INFO:     127.0.0.1:47978 - "GET /js/measure-tools.js HTTP/1.1" 200 OK
INFO:     127.0.0.1:47968 - "GET /api/settings HTTP/1.1" 200 OK
INFO:     127.0.0.1:47968 - "GET /api/layers HTTP/1.1" 200 OK
2026-04-27 12:49:58,439 - INFO - --- STAC SEARCH FOR ZOOM 10 ---
2026-04-27 12:49:58,439 - INFO - Found 26 scenes.
2026-04-27 12:49:58,439 - INFO - COG: https://sentinel-cogs.s3.us-west-2.amazonaws.com/sentinel-s2-l2a-cogs/36/U/UU/2026/4/S2A_36UUU_20260415_0_L2A/TCI.tif
2026-04-27 12:49:58,439 - INFO - COG: https://sentinel-cogs.s3.us-west-2.amazonaws.com/sentinel-s2-l2a-cogs/35/U/QQ/2026/4/S2B_35UQQ_20260414_0_L2A/TCI.tif
2026-04-27 12:49:58,439 - INFO - COG: https://sentinel-cogs.s3.us-west-2.amazonaws.com/sentinel-s2-l2a-cogs/36/U/UV/2026/4/S2B_36UUV_20260414_0_L2A/TCI.tif
2026-04-27 12:49:58,440 - INFO - COG: https://sentinel-cogs.s3.us-west-2.amazonaws.com/sentinel-s2-l2a-cogs/35/U/QP/2026/4/S2C_35UQP_20260406_0_L2A/TCI.tif
2026-04-27 12:49:58,440 - INFO - COG: https://sentinel-cogs.s3.us-west-2.amazonaws.com/sentinel-s2-l2a-cogs/36/U/UU/2026/4/S2C_36UUU_20260406_0_L2A/TCI.tif
2026-04-27 12:49:58,440 - INFO - COG: https://sentinel-cogs.s3.us-west-2.amazonaws.com/sentinel-s2-l2a-cogs/36/U/UU/2026/4/S2A_36UUU_20260405_0_L2A/TCI.tif
2026-04-27 12:49:58,440 - INFO - COG: https://sentinel-cogs.s3.us-west-2.amazonaws.com/sentinel-s2-l2a-cogs/35/U/QQ/2026/4/S2B_35UQQ_20260404_0_L2A/TCI.tif
2026-04-27 12:49:58,440 - INFO - COG: https://sentinel-cogs.s3.us-west-2.amazonaws.com/sentinel-s2-l2a-cogs/36/U/UV/2026/4/S2B_36UUV_20260404_0_L2A/TCI.tif
2026-04-27 12:49:58,440 - INFO - COG: https://sentinel-cogs.s3.us-west-2.amazonaws.com/sentinel-s2-l2a-cogs/35/U/QQ/2026/3/S2B_35UQQ_20260325_0_L2A/TCI.tif
2026-04-27 12:49:58,440 - INFO - COG: https://sentinel-cogs.s3.us-west-2.amazonaws.com/sentinel-s2-l2a-cogs/36/U/UV/2026/3/S2B_36UUV_20260325_0_L2A/TCI.tif
2026-04-27 12:49:58,440 - INFO - COG: https://sentinel-cogs.s3.us-west-2.amazonaws.com/sentinel-s2-l2a-cogs/35/U/QQ/2026/3/S2A_35UQQ_20260322_1_L2A/TCI.tif
2026-04-27 12:49:58,440 - INFO - COG: https://sentinel-cogs.s3.us-west-2.amazonaws.com/sentinel-s2-l2a-cogs/36/U/UV/2026/3/S2A_36UUV_20260322_1_L2A/TCI.tif
2026-04-27 12:49:58,440 - INFO - COG: https://sentinel-cogs.s3.us-west-2.amazonaws.com/sentinel-s2-l2a-cogs/36/U/UU/2026/3/S2B_36UUU_20260322_0_L2A/TCI.tif
2026-04-27 12:49:58,440 - INFO - COG: https://sentinel-cogs.s3.us-west-2.amazonaws.com/sentinel-s2-l2a-cogs/35/U/QQ/2026/3/S2B_35UQQ_20260322_0_L2A/TCI.tif
2026-04-27 12:49:58,440 - INFO - COG: https://sentinel-cogs.s3.us-west-2.amazonaws.com/sentinel-s2-l2a-cogs/36/U/UV/2026/3/S2B_36UUV_20260322_0_L2A/TCI.tif
2026-04-27 12:49:58,440 - INFO - COG: https://sentinel-cogs.s3.us-west-2.amazonaws.com/sentinel-s2-l2a-cogs/35/U/QQ/2026/3/S2C_35UQQ_20260320_0_L2A/TCI.tif
2026-04-27 12:49:58,440 - INFO - COG: https://sentinel-cogs.s3.us-west-2.amazonaws.com/sentinel-s2-l2a-cogs/36/U/UV/2026/3/S2C_36UUV_20260320_0_L2A/TCI.tif
2026-04-27 12:49:58,440 - INFO - COG: https://sentinel-cogs.s3.us-west-2.amazonaws.com/sentinel-s2-l2a-cogs/35/U/QQ/2026/3/S2C_35UQQ_20260317_0_L2A/TCI.tif
2026-04-27 12:49:58,441 - INFO - COG: https://sentinel-cogs.s3.us-west-2.amazonaws.com/sentinel-s2-l2a-cogs/36/U/UV/2026/3/S2C_36UUV_20260317_0_L2A/TCI.tif
2026-04-27 12:49:58,441 - INFO - COG: https://sentinel-cogs.s3.us-west-2.amazonaws.com/sentinel-s2-l2a-cogs/36/U/UU/2026/3/S2A_36UUU_20260316_0_L2A/TCI.tif
2026-04-27 12:49:58,441 - INFO - COG: https://sentinel-cogs.s3.us-west-2.amazonaws.com/sentinel-s2-l2a-cogs/35/U/QQ/2026/3/S2B_35UQQ_20260315_0_L2A/TCI.tif
2026-04-27 12:49:58,441 - INFO - COG: https://sentinel-cogs.s3.us-west-2.amazonaws.com/sentinel-s2-l2a-cogs/36/U/UV/2026/3/S2B_36UUV_20260315_0_L2A/TCI.tif
2026-04-27 12:49:58,441 - INFO - COG: https://sentinel-cogs.s3.us-west-2.amazonaws.com/sentinel-s2-l2a-cogs/35/U/QP/2026/3/S2B_35UQP_20260312_0_L2A/TCI.tif
2026-04-27 12:49:58,441 - INFO - COG: https://sentinel-cogs.s3.us-west-2.amazonaws.com/sentinel-s2-l2a-cogs/36/U/UU/2026/3/S2B_36UUU_20260312_0_L2A/TCI.tif
2026-04-27 12:49:58,441 - INFO - COG: https://sentinel-cogs.s3.us-west-2.amazonaws.com/sentinel-s2-l2a-cogs/36/U/UV/2026/3/S2B_36UUV_20260312_0_L2A/TCI.tif
2026-04-27 12:49:58,441 - INFO - COG: https://sentinel-cogs.s3.us-west-2.amazonaws.com/sentinel-s2-l2a-cogs/35/U/QQ/2026/3/S2C_35UQQ_20260310_0_L2A/TCI.tif
2026-04-27 12:49:58,442 - INFO - boto3 not available, falling back to a DummySession.
2026-04-27 12:49:58,446 - INFO - boto3 not available, falling back to a DummySession.
2026-04-27 12:49:58,450 - INFO - boto3 not available, falling back to a DummySession.
2026-04-27 12:49:58,452 - INFO - boto3 not available, falling back to a DummySession.
2026-04-27 12:49:58,454 - INFO - boto3 not available, falling back to a DummySession.
2026-04-27 12:49:58,480 - INFO - boto3 not available, falling back to a DummySession.
2026-04-27 12:49:58,482 - INFO - --- STAC SEARCH FOR ZOOM 10 ---
2026-04-27 12:49:58,483 - INFO - Found 18 scenes.
2026-04-27 12:49:58,483 - INFO - COG: https://sentinel-cogs.s3.us-west-2.amazonaws.com/sentinel-s2-l2a-cogs/35/U/QQ/2026/4/S2B_35UQQ_20260414_0_L2A/TCI.tif
2026-04-27 12:49:58,483 - INFO - COG: https://sentinel-cogs.s3.us-west-2.amazonaws.com/sentinel-s2-l2a-cogs/36/U/UV/2026/4/S2B_36UUV_20260414_0_L2A/TCI.tif
2026-04-27 12:49:58,483 - INFO - COG: https://sentinel-cogs.s3.us-west-2.amazonaws.com/sentinel-s2-l2a-cogs/35/U/QQ/2026/4/S2B_35UQQ_20260404_0_L2A/TCI.tif
2026-04-27 12:49:58,483 - INFO - COG: https://sentinel-cogs.s3.us-west-2.amazonaws.com/sentinel-s2-l2a-cogs/36/U/UV/2026/4/S2B_36UUV_20260404_0_L2A/TCI.tif
2026-04-27 12:49:58,483 - INFO - COG: https://sentinel-cogs.s3.us-west-2.amazonaws.com/sentinel-s2-l2a-cogs/35/U/QQ/2026/3/S2B_35UQQ_20260325_0_L2A/TCI.tif
2026-04-27 12:49:58,484 - INFO - COG: https://sentinel-cogs.s3.us-west-2.amazonaws.com/sentinel-s2-l2a-cogs/36/U/UV/2026/3/S2B_36UUV_20260325_0_L2A/TCI.tif
2026-04-27 12:49:58,484 - INFO - COG: https://sentinel-cogs.s3.us-west-2.amazonaws.com/sentinel-s2-l2a-cogs/35/U/QQ/2026/3/S2A_35UQQ_20260322_1_L2A/TCI.tif
2026-04-27 12:49:58,484 - INFO - COG: https://sentinel-cogs.s3.us-west-2.amazonaws.com/sentinel-s2-l2a-cogs/36/U/UV/2026/3/S2A_36UUV_20260322_1_L2A/TCI.tif
2026-04-27 12:49:58,484 - INFO - COG: https://sentinel-cogs.s3.us-west-2.amazonaws.com/sentinel-s2-l2a-cogs/35/U/QQ/2026/3/S2B_35UQQ_20260322_0_L2A/TCI.tif
2026-04-27 12:49:58,484 - INFO - COG: https://sentinel-cogs.s3.us-west-2.amazonaws.com/sentinel-s2-l2a-cogs/36/U/UV/2026/3/S2B_36UUV_20260322_0_L2A/TCI.tif
2026-04-27 12:49:58,484 - INFO - COG: https://sentinel-cogs.s3.us-west-2.amazonaws.com/sentinel-s2-l2a-cogs/35/U/QQ/2026/3/S2C_35UQQ_20260320_0_L2A/TCI.tif
2026-04-27 12:49:58,484 - INFO - COG: https://sentinel-cogs.s3.us-west-2.amazonaws.com/sentinel-s2-l2a-cogs/36/U/UV/2026/3/S2C_36UUV_20260320_0_L2A/TCI.tif
2026-04-27 12:49:58,485 - INFO - boto3 not available, falling back to a DummySession.
2026-04-27 12:49:58,486 - INFO - COG: https://sentinel-cogs.s3.us-west-2.amazonaws.com/sentinel-s2-l2a-cogs/35/U/QQ/2026/3/S2C_35UQQ_20260317_0_L2A/TCI.tif
2026-04-27 12:49:58,492 - INFO - boto3 not available, falling back to a DummySession.
2026-04-27 12:49:58,492 - INFO - COG: https://sentinel-cogs.s3.us-west-2.amazonaws.com/sentinel-s2-l2a-cogs/36/U/UV/2026/3/S2C_36UUV_20260317_0_L2A/TCI.tif
2026-04-27 12:49:58,496 - INFO - boto3 not available, falling back to a DummySession.
2026-04-27 12:49:58,500 - INFO - COG: https://sentinel-cogs.s3.us-west-2.amazonaws.com/sentinel-s2-l2a-cogs/35/U/QQ/2026/3/S2B_35UQQ_20260315_0_L2A/TCI.tif
2026-04-27 12:49:58,503 - INFO - boto3 not available, falling back to a DummySession.
2026-04-27 12:49:58,520 - INFO - boto3 not available, falling back to a DummySession.
2026-04-27 12:49:58,594 - INFO - boto3 not available, falling back to a DummySession.
2026-04-27 12:49:58,596 - INFO - --- STAC SEARCH FOR ZOOM 10 ---
2026-04-27 12:49:58,673 - INFO - Found 21 scenes.
2026-04-27 12:49:58,673 - INFO - COG: https://sentinel-cogs.s3.us-west-2.amazonaws.com/sentinel-s2-l2a-cogs/35/U/QQ/2026/4/S2B_35UQQ_20260414_0_L2A/TCI.tif
2026-04-27 12:49:58,673 - INFO - COG: https://sentinel-cogs.s3.us-west-2.amazonaws.com/sentinel-s2-l2a-cogs/36/U/UV/2026/4/S2B_36UUV_20260414_0_L2A/TCI.tif
2026-04-27 12:49:58,673 - INFO - COG: https://sentinel-cogs.s3.us-west-2.amazonaws.com/sentinel-s2-l2a-cogs/35/U/QQ/2026/4/S2B_35UQQ_20260404_0_L2A/TCI.tif
2026-04-27 12:49:58,673 - INFO - COG: https://sentinel-cogs.s3.us-west-2.amazonaws.com/sentinel-s2-l2a-cogs/36/U/UV/2026/4/S2B_36UUV_20260404_0_L2A/TCI.tif
2026-04-27 12:49:58,673 - INFO - COG: https://sentinel-cogs.s3.us-west-2.amazonaws.com/sentinel-s2-l2a-cogs/35/U/QQ/2026/3/S2B_35UQQ_20260325_0_L2A/TCI.tif
2026-04-27 12:49:58,673 - INFO - COG: https://sentinel-cogs.s3.us-west-2.amazonaws.com/sentinel-s2-l2a-cogs/36/U/UV/2026/3/S2B_36UUV_20260325_0_L2A/TCI.tif
2026-04-27 12:49:58,673 - INFO - COG: https://sentinel-cogs.s3.us-west-2.amazonaws.com/sentinel-s2-l2a-cogs/35/U/QQ/2026/3/S2A_35UQQ_20260322_1_L2A/TCI.tif
2026-04-27 12:49:58,673 - INFO - COG: https://sentinel-cogs.s3.us-west-2.amazonaws.com/sentinel-s2-l2a-cogs/36/U/UV/2026/3/S2A_36UUV_20260322_1_L2A/TCI.tif
2026-04-27 12:49:58,673 - INFO - COG: https://sentinel-cogs.s3.us-west-2.amazonaws.com/sentinel-s2-l2a-cogs/35/U/QQ/2026/3/S2B_35UQQ_20260322_0_L2A/TCI.tif
2026-04-27 12:49:58,673 - INFO - COG: https://sentinel-cogs.s3.us-west-2.amazonaws.com/sentinel-s2-l2a-cogs/36/U/UV/2026/3/S2B_36UUV_20260322_0_L2A/TCI.tif
2026-04-27 12:49:58,673 - INFO - COG: https://sentinel-cogs.s3.us-west-2.amazonaws.com/sentinel-s2-l2a-cogs/35/U/QQ/2026/3/S2C_35UQQ_20260320_0_L2A/TCI.tif
2026-04-27 12:49:58,673 - INFO - COG: https://sentinel-cogs.s3.us-west-2.amazonaws.com/sentinel-s2-l2a-cogs/36/U/UV/2026/3/S2C_36UUV_20260320_0_L2A/TCI.tif
2026-04-27 12:49:58,673 - INFO - COG: https://sentinel-cogs.s3.us-west-2.amazonaws.com/sentinel-s2-l2a-cogs/35/U/QQ/2026/3/S2C_35UQQ_20260317_0_L2A/TCI.tif
2026-04-27 12:49:58,673 - INFO - COG: https://sentinel-cogs.s3.us-west-2.amazonaws.com/sentinel-s2-l2a-cogs/36/U/UV/2026/3/S2C_36UUV_20260317_0_L2A/TCI.tif
2026-04-27 12:49:58,673 - INFO - COG: https://sentinel-cogs.s3.us-west-2.amazonaws.com/sentinel-s2-l2a-cogs/35/U/QQ/2026/3/S2B_35UQQ_20260315_0_L2A/TCI.tif
2026-04-27 12:49:58,660 - INFO - --- STAC SEARCH FOR ZOOM 10 ---
2026-04-27 12:49:58,654 - INFO - COG: https://sentinel-cogs.s3.us-west-2.amazonaws.com/sentinel-s2-l2a-cogs/36/U/UV/2026/3/S2B_36UUV_20260315_0_L2A/TCI.tif
2026-04-27 12:49:58,673 - INFO - COG: https://sentinel-cogs.s3.us-west-2.amazonaws.com/sentinel-s2-l2a-cogs/36/U/UV/2026/3/S2B_36UUV_20260315_0_L2A/TCI.tif
2026-04-27 12:49:58,674 - INFO - Found 11 scenes.
2026-04-27 12:49:58,672 - INFO - boto3 not available, falling back to a DummySession.
2026-04-27 12:49:58,675 - INFO - COG: https://sentinel-cogs.s3.us-west-2.amazonaws.com/sentinel-s2-l2a-cogs/36/U/UV/2026/3/S2B_36UUV_20260312_0_L2A/TCI.tif
2026-04-27 12:49:58,678 - INFO - boto3 not available, falling back to a DummySession.
2026-04-27 12:49:58,694 - INFO - COG: https://sentinel-cogs.s3.us-west-2.amazonaws.com/sentinel-s2-l2a-cogs/36/U/UV/2026/3/S2B_36UUV_20260312_0_L2A/TCI.tif
2026-04-27 12:50:04,529 - INFO - COG: https://sentinel-cogs.s3.us-west-2.amazonaws.com/sentinel-s2-l2a-cogs/35/U/QQ/2026/3/S2C_35UQQ_20260310_0_L2A/TCI.tif
2026-04-27 12:49:58,696 - INFO - boto3 not available, falling back to a DummySession.
2026-04-27 12:49:59,566 - INFO - boto3 not available, falling back to a DummySession.
2026-04-27 12:50:00,833 - INFO - --- STAC SEARCH FOR ZOOM 10 ---
2026-04-27 12:50:07,219 - INFO - Found 9 scenes.
2026-04-27 12:50:07,219 - INFO - COG: https://sentinel-cogs.s3.us-west-2.amazonaws.com/sentinel-s2-l2a-cogs/35/U/QQ/2026/4/S2A_35UQQ_20260415_0_L2A/TCI.tif
2026-04-27 12:50:07,219 - INFO - COG: https://sentinel-cogs.s3.us-west-2.amazonaws.com/sentinel-s2-l2a-cogs/36/U/UV/2026/4/S2A_36UUV_20260415_0_L2A/TCI.tif
2026-04-27 12:50:07,220 - INFO - COG: https://sentinel-cogs.s3.us-west-2.amazonaws.com/sentinel-s2-l2a-cogs/35/U/QQ/2026/4/S2A_35UQQ_20260405_0_L2A/TCI.tif
2026-04-27 12:50:07,220 - INFO - COG: https://sentinel-cogs.s3.us-west-2.amazonaws.com/sentinel-s2-l2a-cogs/36/U/UV/2026/4/S2A_36UUV_20260405_0_L2A/TCI.tif
2026-04-27 12:50:07,220 - INFO - COG: https://sentinel-cogs.s3.us-west-2.amazonaws.com/sentinel-s2-l2a-cogs/35/U/QQ/2026/3/S2B_35UQQ_20260322_0_L2A/TCI.tif
2026-04-27 12:50:07,220 - INFO - COG: https://sentinel-cogs.s3.us-west-2.amazonaws.com/sentinel-s2-l2a-cogs/36/U/UV/2026/3/S2B_36UUV_20260322_0_L2A/TCI.tif
2026-04-27 12:50:07,220 - INFO - COG: https://sentinel-cogs.s3.us-west-2.amazonaws.com/sentinel-s2-l2a-cogs/35/U/QQ/2026/3/S2C_35UQQ_20260317_0_L2A/TCI.tif
2026-04-27 12:49:58,727 - INFO - COG: https://sentinel-cogs.s3.us-west-2.amazonaws.com/sentinel-s2-l2a-cogs/35/U/QQ/2026/4/S2A_35UQQ_20260415_0_L2A/TCI.tif
2026-04-27 12:50:07,234 - INFO - COG: https://sentinel-cogs.s3.us-west-2.amazonaws.com/sentinel-s2-l2a-cogs/36/U/UV/2026/4/S2A_36UUV_20260415_0_L2A/TCI.tif
2026-04-27 12:50:07,234 - INFO - COG: https://sentinel-cogs.s3.us-west-2.amazonaws.com/sentinel-s2-l2a-cogs/35/U/QQ/2026/4/S2A_35UQQ_20260405_0_L2A/TCI.tif
2026-04-27 12:50:00,843 - INFO - boto3 not available, falling back to a DummySession.
2026-04-27 12:50:00,843 - INFO - COG: https://sentinel-cogs.s3.us-west-2.amazonaws.com/sentinel-s2-l2a-cogs/35/U/QQ/2026/3/S2C_35UQQ_20260310_0_L2A/TCI.tif
2026-04-27 12:50:04,524 - INFO - boto3 not available, falling back to a DummySession.
2026-04-27 12:50:04,534 - INFO - boto3 not available, falling back to a DummySession.
2026-04-27 12:50:01,215 - INFO - --- STAC SEARCH FOR ZOOM 10 ---
2026-04-27 12:50:07,251 - INFO - Found 16 scenes.
2026-04-27 12:50:07,251 - INFO - COG: https://sentinel-cogs.s3.us-west-2.amazonaws.com/sentinel-s2-l2a-cogs/35/U/QQ/2026/4/S2B_35UQQ_20260414_0_L2A/TCI.tif
2026-04-27 12:50:07,251 - INFO - COG: https://sentinel-cogs.s3.us-west-2.amazonaws.com/sentinel-s2-l2a-cogs/36/U/UV/2026/4/S2B_36UUV_20260414_0_L2A/TCI.tif
2026-04-27 12:50:07,251 - INFO - COG: https://sentinel-cogs.s3.us-west-2.amazonaws.com/sentinel-s2-l2a-cogs/35/U/QQ/2026/4/S2B_35UQQ_20260404_0_L2A/TCI.tif
2026-04-27 12:50:07,251 - INFO - COG: https://sentinel-cogs.s3.us-west-2.amazonaws.com/sentinel-s2-l2a-cogs/36/U/UV/2026/4/S2B_36UUV_20260404_0_L2A/TCI.tif
2026-04-27 12:50:07,251 - INFO - COG: https://sentinel-cogs.s3.us-west-2.amazonaws.com/sentinel-s2-l2a-cogs/35/U/QQ/2026/3/S2B_35UQQ_20260325_0_L2A/TCI.tif
2026-04-27 12:50:07,251 - INFO - COG: https://sentinel-cogs.s3.us-west-2.amazonaws.com/sentinel-s2-l2a-cogs/36/U/UV/2026/3/S2B_36UUV_20260325_0_L2A/TCI.tif
2026-04-27 12:50:07,251 - INFO - COG: https://sentinel-cogs.s3.us-west-2.amazonaws.com/sentinel-s2-l2a-cogs/35/U/QQ/2026/3/S2A_35UQQ_20260322_1_L2A/TCI.tif
2026-04-27 12:50:07,251 - INFO - COG: https://sentinel-cogs.s3.us-west-2.amazonaws.com/sentinel-s2-l2a-cogs/36/U/UV/2026/3/S2A_36UUV_20260322_1_L2A/TCI.tif
2026-04-27 12:50:07,251 - INFO - COG: https://sentinel-cogs.s3.us-west-2.amazonaws.com/sentinel-s2-l2a-cogs/35/U/QQ/2026/3/S2B_35UQQ_20260322_0_L2A/TCI.tif
2026-04-27 12:50:07,251 - INFO - COG: https://sentinel-cogs.s3.us-west-2.amazonaws.com/sentinel-s2-l2a-cogs/36/U/UV/2026/3/S2B_36UUV_20260322_0_L2A/TCI.tif
2026-04-27 12:50:07,251 - INFO - COG: https://sentinel-cogs.s3.us-west-2.amazonaws.com/sentinel-s2-l2a-cogs/35/U/QQ/2026/3/S2C_35UQQ_20260320_0_L2A/TCI.tif
2026-04-27 12:50:07,251 - INFO - COG: https://sentinel-cogs.s3.us-west-2.amazonaws.com/sentinel-s2-l2a-cogs/36/U/UV/2026/3/S2C_36UUV_20260320_0_L2A/TCI.tif
2026-04-27 12:50:07,251 - INFO - COG: https://sentinel-cogs.s3.us-west-2.amazonaws.com/sentinel-s2-l2a-cogs/35/U/QQ/2026/3/S2C_35UQQ_20260317_0_L2A/TCI.tif
2026-04-27 12:50:07,251 - INFO - COG: https://sentinel-cogs.s3.us-west-2.amazonaws.com/sentinel-s2-l2a-cogs/36/U/UV/2026/3/S2C_36UUV_20260317_0_L2A/TCI.tif
2026-04-27 12:50:07,251 - INFO - COG: https://sentinel-cogs.s3.us-west-2.amazonaws.com/sentinel-s2-l2a-cogs/35/U/QQ/2026/3/S2B_35UQQ_20260315_0_L2A/TCI.tif
2026-04-27 12:50:07,252 - INFO - COG: https://sentinel-cogs.s3.us-west-2.amazonaws.com/sentinel-s2-l2a-cogs/36/U/UV/2026/3/S2B_36UUV_20260315_0_L2A/TCI.tif
2026-04-27 12:50:07,234 - INFO - COG: https://sentinel-cogs.s3.us-west-2.amazonaws.com/sentinel-s2-l2a-cogs/36/U/UV/2026/4/S2A_36UUV_20260405_0_L2A/TCI.tif
2026-04-27 12:50:07,252 - INFO - COG: https://sentinel-cogs.s3.us-west-2.amazonaws.com/sentinel-s2-l2a-cogs/35/U/QQ/2026/3/S2B_35UQQ_20260322_0_L2A/TCI.tif
2026-04-27 12:50:07,252 - INFO - COG: https://sentinel-cogs.s3.us-west-2.amazonaws.com/sentinel-s2-l2a-cogs/36/U/UV/2026/3/S2B_36UUV_20260322_0_L2A/TCI.tif
2026-04-27 12:50:07,252 - INFO - COG: https://sentinel-cogs.s3.us-west-2.amazonaws.com/sentinel-s2-l2a-cogs/35/U/QQ/2026/3/S2C_35UQQ_20260317_0_L2A/TCI.tif
2026-04-27 12:50:07,252 - INFO - COG: https://sentinel-cogs.s3.us-west-2.amazonaws.com/sentinel-s2-l2a-cogs/36/U/UV/2026/3/S2C_36UUV_20260317_0_L2A/TCI.tif
2026-04-27 12:50:07,252 - INFO - COG: https://sentinel-cogs.s3.us-west-2.amazonaws.com/sentinel-s2-l2a-cogs/35/U/QQ/2026/3/S2A_35UQQ_20260316_0_L2A/TCI.tif
2026-04-27 12:50:07,252 - INFO - COG: https://sentinel-cogs.s3.us-west-2.amazonaws.com/sentinel-s2-l2a-cogs/36/U/UV/2026/3/S2A_36UUV_20260316_0_L2A/TCI.tif
2026-04-27 12:50:07,252 - INFO - COG: https://sentinel-cogs.s3.us-west-2.amazonaws.com/sentinel-s2-l2a-cogs/36/U/UV/2026/3/S2B_36UUV_20260312_0_L2A/TCI.tif
2026-04-27 12:50:04,529 - INFO - COG: https://sentinel-cogs.s3.us-west-2.amazonaws.com/sentinel-s2-l2a-cogs/36/U/UV/2026/3/S2C_36UUV_20260310_0_L2A/TCI.tif
2026-04-27 12:50:07,252 - INFO - COG: https://sentinel-cogs.s3.us-west-2.amazonaws.com/sentinel-s2-l2a-cogs/35/U/QQ/2026/3/S2A_35UQQ_20260309_1_L2A/TCI.tif
2026-04-27 12:50:07,252 - INFO - COG: https://sentinel-cogs.s3.us-west-2.amazonaws.com/sentinel-s2-l2a-cogs/36/U/UV/2026/3/S2A_36UUV_20260309_1_L2A/TCI.tif
2026-04-27 12:50:07,220 - INFO - COG: https://sentinel-cogs.s3.us-west-2.amazonaws.com/sentinel-s2-l2a-cogs/36/U/UV/2026/3/S2C_36UUV_20260317_0_L2A/TCI.tif
2026-04-27 12:50:07,253 - INFO - COG: https://sentinel-cogs.s3.us-west-2.amazonaws.com/sentinel-s2-l2a-cogs/36/U/UV/2026/3/S2A_36UUV_20260316_0_L2A/TCI.tif
2026-04-27 12:50:07,247 - INFO - boto3 not available, falling back to a DummySession.
2026-04-27 12:50:02,684 - INFO - boto3 not available, falling back to a DummySession.
2026-04-27 12:50:07,255 - INFO - boto3 not available, falling back to a DummySession.
2026-04-27 12:50:07,362 - INFO - boto3 not available, falling back to a DummySession.
2026-04-27 12:50:07,366 - INFO - boto3 not available, falling back to a DummySession.
2026-04-27 12:50:09,995 - INFO - boto3 not available, falling back to a DummySession.
2026-04-27 12:50:10,271 - INFO - boto3 not available, falling back to a DummySession.
2026-04-27 12:50:10,312 - INFO - boto3 not available, falling back to a DummySession.
2026-04-27 12:50:10,382 - INFO - boto3 not available, falling back to a DummySession.
2026-04-27 12:50:10,385 - INFO - boto3 not available, falling back to a DummySession.
2026-04-27 12:50:10,390 - INFO - boto3 not available, falling back to a DummySession.
2026-04-27 12:50:10,407 - INFO - boto3 not available, falling back to a DummySession.
2026-04-27 12:50:10,429 - INFO - boto3 not available, falling back to a DummySession.
2026-04-27 12:50:10,456 - INFO - boto3 not available, falling back to a DummySession.
2026-04-27 12:50:10,472 - INFO - boto3 not available, falling back to a DummySession.
2026-04-27 12:50:10,519 - INFO - boto3 not available, falling back to a DummySession.
2026-04-27 12:50:10,520 - INFO - boto3 not available, falling back to a DummySession.
2026-04-27 12:50:10,590 - INFO - boto3 not available, falling back to a DummySession.
2026-04-27 12:50:10,598 - INFO - boto3 not available, falling back to a DummySession.
2026-04-27 12:50:11,528 - INFO - boto3 not available, falling back to a DummySession.
2026-04-27 12:50:11,950 - INFO - boto3 not available, falling back to a DummySession.
2026-04-27 12:50:13,239 - INFO - boto3 not available, falling back to a DummySession.
2026-04-27 12:50:13,455 - INFO - boto3 not available, falling back to a DummySession.
2026-04-27 12:50:13,480 - INFO - boto3 not available, falling back to a DummySession.
2026-04-27 12:50:13,500 - INFO - boto3 not available, falling back to a DummySession.
2026-04-27 12:50:13,523 - INFO - boto3 not available, falling back to a DummySession.
2026-04-27 12:50:13,544 - INFO - boto3 not available, falling back to a DummySession.
2026-04-27 12:50:13,612 - INFO - boto3 not available, falling back to a DummySession.
2026-04-27 12:50:13,630 - INFO - boto3 not available, falling back to a DummySession.
2026-04-27 12:50:13,682 - INFO - boto3 not available, falling back to a DummySession.
2026-04-27 12:50:13,711 - INFO - boto3 not available, falling back to a DummySession.
2026-04-27 12:50:13,783 - INFO - boto3 not available, falling back to a DummySession.
2026-04-27 12:50:13,795 - INFO - boto3 not available, falling back to a DummySession.
2026-04-27 12:50:13,878 - INFO - boto3 not available, falling back to a DummySession.
2026-04-27 12:50:13,926 - INFO - boto3 not available, falling back to a DummySession.
2026-04-27 12:50:13,956 - INFO - boto3 not available, falling back to a DummySession.
2026-04-27 12:50:14,086 - INFO - boto3 not available, falling back to a DummySession.
2026-04-27 12:50:14,148 - INFO - boto3 not available, falling back to a DummySession.
2026-04-27 12:50:14,167 - INFO - boto3 not available, falling back to a DummySession.
2026-04-27 12:50:14,324 - INFO - boto3 not available, falling back to a DummySession.
2026-04-27 12:50:14,369 - INFO - boto3 not available, falling back to a DummySession.
2026-04-27 12:50:14,370 - INFO - boto3 not available, falling back to a DummySession.
2026-04-27 12:50:14,437 - INFO - boto3 not available, falling back to a DummySession.
2026-04-27 12:50:14,482 - INFO - boto3 not available, falling back to a DummySession.
2026-04-27 12:50:14,531 - INFO - boto3 not available, falling back to a DummySession.
2026-04-27 12:50:14,488 - INFO - boto3 not available, falling back to a DummySession.
2026-04-27 12:50:14,529 - INFO - boto3 not available, falling back to a DummySession.
2026-04-27 12:50:14,482 - INFO - boto3 not available, falling back to a DummySession.
2026-04-27 12:50:14,551 - INFO - boto3 not available, falling back to a DummySession.
2026-04-27 12:50:14,610 - INFO - boto3 not available, falling back to a DummySession.
2026-04-27 12:50:14,611 - INFO - boto3 not available, falling back to a DummySession.
2026-04-27 12:50:14,618 - INFO - boto3 not available, falling back to a DummySession.
2026-04-27 12:50:14,620 - INFO - boto3 not available, falling back to a DummySession.
2026-04-27 12:50:14,625 - INFO - boto3 not available, falling back to a DummySession.
2026-04-27 12:50:15,646 - INFO - boto3 not available, falling back to a DummySession.
2026-04-27 12:50:17,600 - INFO - boto3 not available, falling back to a DummySession.
2026-04-27 12:50:17,839 - INFO - boto3 not available, falling back to a DummySession.
2026-04-27 12:50:17,850 - INFO - boto3 not available, falling back to a DummySession.
2026-04-27 12:50:17,901 - INFO - boto3 not available, falling back to a DummySession.
2026-04-27 12:50:17,920 - INFO - boto3 not available, falling back to a DummySession.
2026-04-27 12:50:17,923 - INFO - boto3 not available, falling back to a DummySession.
2026-04-27 12:50:17,977 - INFO - boto3 not available, falling back to a DummySession.
2026-04-27 12:50:17,983 - INFO - boto3 not available, falling back to a DummySession.
2026-04-27 12:50:18,116 - INFO - boto3 not available, falling back to a DummySession.
2026-04-27 12:50:18,185 - INFO - boto3 not available, falling back to a DummySession.
2026-04-27 12:50:18,192 - INFO - boto3 not available, falling back to a DummySession.
2026-04-27 12:50:18,214 - INFO - boto3 not available, falling back to a DummySession.
2026-04-27 12:50:18,219 - INFO - boto3 not available, falling back to a DummySession.
2026-04-27 12:50:18,444 - INFO - boto3 not available, falling back to a DummySession.
2026-04-27 12:50:18,485 - INFO - boto3 not available, falling back to a DummySession.
2026-04-27 12:50:18,503 - INFO - boto3 not available, falling back to a DummySession.
2026-04-27 12:50:18,622 - INFO - boto3 not available, falling back to a DummySession.
2026-04-27 12:50:18,647 - INFO - boto3 not available, falling back to a DummySession.
2026-04-27 12:50:18,706 - INFO - boto3 not available, falling back to a DummySession.
2026-04-27 12:50:18,722 - INFO - boto3 not available, falling back to a DummySession.
INFO:     Shutting down
INFO:     Waiting for application shutdown.
INFO:     Application shutdown complete.
INFO:     Finished server process [43490]
